[2023-09-22T13:51:26.248144+00:00] name.WARNING: Foo [] []
[2023-09-22T13:51:26.252034+00:00] name.ERROR: Bar [] []
[2023-09-22T13:51:36.384980+00:00] name.WARNING: Foo [] []
[2023-09-22T13:51:36.387367+00:00] name.ERROR: Bar [] []
[2023-09-22T13:52:04.576840+00:00] name.WARNING: Foo [] []
[2023-09-22T13:52:04.578154+00:00] name.ERROR: Bar [] []
[2023-09-22T14:10:37.746301+00:00] name.WARNING: Foo [] []
[2023-09-22T14:10:37.750210+00:00] name.ERROR: Bar [] []
[2023-09-22T14:13:12.948946+00:00] name.WARNING: Foo [] []
[2023-09-22T14:13:12.952139+00:00] name.ERROR: Bar [] []
[2023-09-22T14:13:54.861679+00:00] name.WARNING: Foo [] []
[2023-09-22T14:13:54.864828+00:00] name.ERROR: Bar [] []
[2023-09-22T14:14:14.688779+00:00] name.WARNING: Foo [] []
[2023-09-22T14:14:14.695234+00:00] name.ERROR: Bar [] []
[2023-09-22T14:16:32.396059+00:00] name.WARNING: Foo [] []
[2023-09-22T14:16:32.399001+00:00] name.ERROR: Bar [] []
[2023-09-22T14:16:33.054499+00:00] name.WARNING: Foo [] []
[2023-09-22T14:16:33.057581+00:00] name.ERROR: Bar [] []
[2023-09-22T14:16:40.311125+00:00] name.WARNING: Foo [] []
[2023-09-22T14:16:40.314727+00:00] name.ERROR: Bar [] []
[2023-09-22T14:18:41.684141+00:00] name.WARNING: Foo [] []
[2023-09-22T14:18:41.687446+00:00] name.ERROR: Bar [] []
[2023-09-22T14:18:42.498306+00:00] name.WARNING: Foo [] []
[2023-09-22T14:18:42.500683+00:00] name.ERROR: Bar [] []
[2023-09-22T14:18:42.878593+00:00] name.WARNING: Foo [] []
[2023-09-22T14:18:42.880897+00:00] name.ERROR: Bar [] []
[2023-09-22T14:18:43.048226+00:00] name.WARNING: Foo [] []
[2023-09-22T14:18:43.050596+00:00] name.ERROR: Bar [] []
[2023-09-22T14:18:43.220719+00:00] name.WARNING: Foo [] []
[2023-09-22T14:18:43.223846+00:00] name.ERROR: Bar [] []
[2023-09-22T14:18:43.381164+00:00] name.WARNING: Foo [] []
[2023-09-22T14:18:43.383509+00:00] name.ERROR: Bar [] []
[2023-09-22T14:18:50.449426+00:00] name.WARNING: Foo [] []
[2023-09-22T14:18:50.452720+00:00] name.ERROR: Bar [] []
[2023-09-22T14:19:30.948823+00:00] name.WARNING: Foo [] []
[2023-09-22T14:19:30.952709+00:00] name.ERROR: Bar [] []
[2023-09-22T14:20:14.399774+00:00] name.WARNING: Foo [] []
[2023-09-22T14:20:14.403074+00:00] name.ERROR: Bar [] []
[2023-09-24T14:58:51.573950+00:00] name.WARNING: Foo [] []
[2023-09-24T14:58:51.636416+00:00] name.ERROR: Bar [] []
[2023-09-24T14:59:41.731058+00:00] name.WARNING: Foo [] []
[2023-09-24T14:59:41.732604+00:00] name.ERROR: Bar [] []
[2023-09-24T15:03:22.475118+00:00] name.WARNING: Foo [] []
[2023-09-24T15:03:22.477316+00:00] name.ERROR: Bar [] []
[2023-09-24T15:13:05.787481+00:00] name.WARNING: Foo [] []
[2023-09-24T15:13:05.788719+00:00] name.ERROR: Bar [] []
[2023-09-24T15:13:42.584390+00:00] name.WARNING: Foo [] []
[2023-09-24T15:13:42.586728+00:00] name.ERROR: Bar [] []
[2023-09-24T15:14:33.482303+00:00] name.WARNING: Foo [] []
[2023-09-24T15:14:33.483387+00:00] name.ERROR: Bar [] []
[2023-09-24T15:14:46.564502+00:00] name.WARNING: Foo [] []
[2023-09-24T15:14:46.565836+00:00] name.ERROR: Bar [] []
[2023-09-25T09:19:56.904204+00:00] name.WARNING: Foo [] []
[2023-09-25T09:19:56.952069+00:00] name.ERROR: Bar [] []
[2023-09-25T09:20:44.795524+00:00] name.WARNING: Foo [] []
[2023-09-25T09:20:44.799218+00:00] name.ERROR: Bar [] []
[2023-09-25T09:21:00.284027+00:00] name.WARNING: Foo [] []
[2023-09-25T09:21:00.287277+00:00] name.ERROR: Bar [] []
[2023-09-25T09:21:45.158641+00:00] name.WARNING: Foo [] []
[2023-09-25T09:21:45.162133+00:00] name.ERROR: Bar [] []
[2023-09-25T09:22:08.763944+00:00] name.WARNING: Foo [] []
[2023-09-25T09:22:08.767737+00:00] name.ERROR: Bar [] []
[2023-09-25T09:26:08.114718+00:00] name.WARNING: Foo [] []
[2023-09-25T09:26:08.118017+00:00] name.ERROR: Bar [] []
[2023-09-25T09:26:54.645255+00:00] name.WARNING: Foo [] []
[2023-09-25T09:26:54.648184+00:00] name.ERROR: Bar [] []
[2023-09-25T09:27:04.074344+00:00] name.WARNING: Foo [] []
[2023-09-25T09:27:04.076370+00:00] name.ERROR: Bar [] []
[2023-09-25T09:27:13.137746+00:00] name.WARNING: Foo [] []
[2023-09-25T09:27:13.140270+00:00] name.ERROR: Bar [] []
[2023-09-25T09:27:49.301152+00:00] name.WARNING: Foo [] []
[2023-09-25T09:27:49.303569+00:00] name.ERROR: Bar [] []
[2023-09-25T09:28:18.066293+00:00] name.WARNING: Foo [] []
[2023-09-25T09:28:18.070495+00:00] name.ERROR: Bar [] []
[2023-09-25T09:28:38.479376+00:00] name.WARNING: Foo [] []
[2023-09-25T09:28:38.481438+00:00] name.ERROR: Bar [] []
[2023-09-25T09:31:49.262293+00:00] name.WARNING: Foo [] []
[2023-09-25T09:31:49.265355+00:00] name.ERROR: Bar [] []
[2023-09-25T09:33:13.078255+00:00] name.WARNING: Foo [] []
[2023-09-25T09:33:13.081094+00:00] name.ERROR: Bar [] []
[2023-09-25T09:33:24.090906+00:00] name.WARNING: Foo [] []
[2023-09-25T09:33:24.093759+00:00] name.ERROR: Bar [] []
[2023-09-25T09:36:48.971214+00:00] name.WARNING: Foo [] []
[2023-09-25T09:36:48.974353+00:00] name.ERROR: Bar [] []
[2023-09-25T09:37:09.331624+00:00] name.WARNING: Foo [] []
[2023-09-25T09:37:09.336116+00:00] name.ERROR: Bar [] []
[2023-09-25T09:38:16.229018+00:00] name.WARNING: Foo [] []
[2023-09-25T09:38:16.232245+00:00] name.ERROR: Bar [] []
[2023-09-25T09:38:36.514798+00:00] name.WARNING: Foo [] []
[2023-09-25T09:38:36.517620+00:00] name.ERROR: Bar [] []
[2023-09-25T09:38:57.576707+00:00] name.WARNING: Foo [] []
[2023-09-25T09:38:57.579635+00:00] name.ERROR: Bar [] []
[2023-09-25T09:39:30.092396+00:00] name.WARNING: Foo [] []
[2023-09-25T09:39:30.095503+00:00] name.ERROR: Bar [] []
[2023-09-25T09:42:09.517949+00:00] name.WARNING: Foo [] []
[2023-09-25T09:42:09.521284+00:00] name.ERROR: Bar [] []
[2023-09-25T09:42:40.059321+00:00] name.WARNING: Foo [] []
[2023-09-25T09:42:40.062878+00:00] name.ERROR: Bar [] []
[2023-09-25T09:46:36.032680+00:00] name.WARNING: ardakayahantest@outlook.com [] []
[2023-09-25T09:46:36.037135+00:00] name.ERROR: ardakayahantest@outlook.com [] []
[2023-09-25T09:47:01.062320+00:00] name.WARNING: ardakayahantest@outlook.com [] []
[2023-09-25T09:47:01.064928+00:00] name.ERROR: ardakayahantest@outlook.com [] []
[2023-09-25T09:48:15.907134+00:00] name.WARNING: fut [] []
[2023-09-25T09:48:15.909476+00:00] name.ERROR: jensbul@outlook.com [] []
[2023-09-25T09:48:39.170508+00:00] name.WARNING: fut [] []
[2023-09-25T09:48:39.173586+00:00] name.ERROR: jensbul@outlook.com [] []
[2023-09-25T09:55:16.144200+00:00] name.WARNING: bombaclatheer3000 [] []
[2023-09-25T09:55:16.147994+00:00] name.ERROR: jensbul@outlook.com [] []
[2023-09-25T10:05:17.161656+00:00] name.WARNING: bombaclatheer3000 [] []
[2023-09-25T10:05:17.165751+00:00] name.ERROR: jensbul@outlook.com [] []
